<?xml version="1.0" encoding="utf-8"?><testsuites name="pytest tests"><testsuite name="pytest" errors="0" failures="2" skipped="0" tests="5" time="3.206" timestamp="2026-04-02T12:39:56.303210+00:00" hostname="agent-env-737b804a-73d2-4034-aa1f-c2aa0d1ec252"><testcase classname="backend.tests.test_launch_ready_flows" name="test_health_endpoint" time="0.356"><failure message="assert 404 == 200&#10; +  where 404 = &lt;Response [404]&gt;.status_code">backend/tests/test_launch_ready_flows.py:31: in test_health_endpoint
    assert response.status_code == 200
E   assert 404 == 200
E    +  where 404 = &lt;Response [404]&gt;.status_code</failure></testcase><testcase classname="backend.tests.test_launch_ready_flows" name="test_register_login_and_me_flow" time="0.468" /><testcase classname="backend.tests.test_launch_ready_flows" name="test_login_with_provided_credentials" time="0.168" /><testcase classname="backend.tests.test_launch_ready_flows" name="test_billing_plans" time="0.139" /><testcase classname="backend.tests.test_launch_ready_flows" name="test_checkout_create_and_status" time="1.972"><failure message="assert 500 == 200&#10; +  where 500 = &lt;Response [500]&gt;.status_code">backend/tests/test_launch_ready_flows.py:110: in test_checkout_create_and_status
    assert status_response.status_code == 200
E   assert 500 == 200
E    +  where 500 = &lt;Response [500]&gt;.status_code</failure></testcase></testsuite></testsuites>